Command line: spades.py	-s	/Users/sara/Documents/SW/SPAdes-3.13.0-Darwin/bin/class_j_seqs_5x_MSv3.fq	-k	59,61,63	--careful	-o	/Users/sara/Documents/SW/SPAdes-3.13.0-Darwin/bin/Out_class_j_seqs_5x_MSv3	

System information:
  SPAdes version: 3.13.0
  Python version: 2.7.10
  OS: Darwin-17.4.0-x86_64-i386-64bit

Output dir: /Users/sara/Documents/SW/SPAdes-3.13.0-Darwin/bin/Out_class_j_seqs_5x_MSv3
Mode: read error correction and assembling
Debug mode is turned OFF

Dataset parameters:
  Multi-cell mode (you should set '--sc' flag if input data was obtained with MDA (single-cell) technology or --meta flag if processing metagenomic dataset)
  Reads:
    Library number: 1, library type: single
      left reads: not specified
      right reads: not specified
      interlaced reads: not specified
      single reads: ['/Users/sara/Documents/SW/SPAdes-3.13.0-Darwin/bin/class_j_seqs_5x_MSv3.fq']
      merged reads: not specified
Read error correction parameters:
  Iterations: 1
  PHRED offset will be auto-detected
  Corrected reads will be compressed
Assembly parameters:
  k: [59, 61, 63]
  Repeat resolution is enabled
  Mismatch careful mode is turned ON
  MismatchCorrector will be used
  Coverage cutoff is turned OFF
Other parameters:
  Dir for temp files: /Users/sara/Documents/SW/SPAdes-3.13.0-Darwin/bin/Out_class_j_seqs_5x_MSv3/tmp
  Threads: 16
  Memory limit (in Gb): 250


======= SPAdes pipeline started. Log can be found here: /Users/sara/Documents/SW/SPAdes-3.13.0-Darwin/bin/Out_class_j_seqs_5x_MSv3/spades.log


===== Read error correction started. 


== Running read error correction tool: /Users/sara/Documents/SW/SPAdes-3.13.0-Darwin/bin/spades-hammer /Users/sara/Documents/SW/SPAdes-3.13.0-Darwin/bin/Out_class_j_seqs_5x_MSv3/corrected/configs/config.info

  0:00:00.000     4M / 4M    INFO    General                 (main.cpp                  :  75)   Starting BayesHammer, built from N/A, git revision N/A
  0:00:00.000     4M / 4M    INFO    General                 (main.cpp                  :  76)   Loading config from /Users/sara/Documents/SW/SPAdes-3.13.0-Darwin/bin/Out_class_j_seqs_5x_MSv3/corrected/configs/config.info
  0:00:00.001     4M / 4M    INFO    General                 (main.cpp                  :  78)   Maximum # of threads to use (adjusted due to OMP capabilities): 4
  0:00:00.001     4M / 4M    INFO    General                 (memory_limit.cpp          :  49)   Memory limit set to 250 Gb
  0:00:00.001     4M / 4M    INFO    General                 (main.cpp                  :  86)   Trying to determine PHRED offset
  0:00:00.001     4M / 4M    INFO    General                 (main.cpp                  :  92)   Determined value is 64
  0:00:00.001     4M / 4M    INFO    General                 (hammer_tools.cpp          :  36)   Hamming graph threshold tau=1, k=21, subkmer positions = [ 0 10 ]
  0:00:00.001     4M / 4M    INFO    General                 (main.cpp                  : 113)   Size of aux. kmer data 24 bytes
     === ITERATION 0 begins ===
  0:00:00.002     4M / 4M    INFO   K-mer Index Building     (kmer_index_builder.hpp    : 301)   Building kmer index
  0:00:00.002     4M / 4M    INFO    General                 (kmer_index_builder.hpp    : 117)   Splitting kmer instances into 64 files using 4 threads. This might take a while.
  0:00:00.002     4M / 4M    INFO    General                 (file_limit.hpp            :  32)   Open file limit set to 256
  0:00:00.002     4M / 4M    INFO    General                 (kmer_splitters.hpp        :  89)   Memory available for splitting buffers: 20.833 Gb
  0:00:00.002     4M / 4M    INFO    General                 (kmer_splitters.hpp        :  97)   Using cell size of 1048576
  0:00:00.003     3G / 3G    INFO   K-mer Splitting          (kmer_data.cpp             :  97)   Processing /Users/sara/Documents/SW/SPAdes-3.13.0-Darwin/bin/class_j_seqs_5x_MSv3.fq
  0:00:00.046     3G / 3G    INFO   K-mer Splitting          (kmer_data.cpp             : 112)   Total 6 reads processed
  0:00:00.047    16M / 3G    INFO    General                 (kmer_index_builder.hpp    : 120)   Starting k-mer counting.
  0:00:00.091    16M / 3G    INFO    General                 (kmer_index_builder.hpp    : 127)   K-mer counting done. There are 638 kmers in total.
  0:00:00.091    16M / 3G    INFO    General                 (kmer_index_builder.hpp    : 133)   Merging temporary buckets.
  0:00:00.117    16M / 3G    INFO   K-mer Index Building     (kmer_index_builder.hpp    : 314)   Building perfect hash indices
  0:00:00.151    16M / 3G    INFO    General                 (kmer_index_builder.hpp    : 150)   Merging final buckets.
  0:00:00.156    16M / 3G    INFO   K-mer Index Building     (kmer_index_builder.hpp    : 336)   Index built. Total 9720 bytes occupied (121.881 bits per kmer).
  0:00:00.157    16M / 3G    INFO   K-mer Counting           (kmer_data.cpp             : 356)   Arranging kmers in hash map order
  0:00:00.158    16M / 3G    INFO    General                 (main.cpp                  : 148)   Clustering Hamming graph.
  0:00:00.161    16M / 3G    INFO    General                 (main.cpp                  : 155)   Extracting clusters
  0:00:00.162    16M / 3G    INFO    General                 (main.cpp                  : 167)   Clustering done. Total clusters: 500
  0:00:00.162    16M / 3G    INFO   K-mer Counting           (kmer_data.cpp             : 376)   Collecting K-mer information, this takes a while.
  0:00:00.162    16M / 3G    INFO   K-mer Counting           (kmer_data.cpp             : 382)   Processing /Users/sara/Documents/SW/SPAdes-3.13.0-Darwin/bin/class_j_seqs_5x_MSv3.fq
  0:00:00.163    16M / 3G    INFO   K-mer Counting           (kmer_data.cpp             : 389)   Collection done, postprocessing.
  0:00:00.163    16M / 3G    INFO   K-mer Counting           (kmer_data.cpp             : 403)   There are 638 kmers in total. Among them 428 (67.0846%) are singletons.
  0:00:00.163    16M / 3G    INFO    General                 (main.cpp                  : 173)   Subclustering Hamming graph
  0:00:00.164    16M / 3G    INFO   Hamming Subclustering    (kmer_cluster.cpp          : 649)   Subclustering done. Total 0 non-read kmers were generated.
  0:00:00.164    16M / 3G    INFO   Hamming Subclustering    (kmer_cluster.cpp          : 650)   Subclustering statistics:
  0:00:00.164    16M / 3G    INFO   Hamming Subclustering    (kmer_cluster.cpp          : 651)     Total singleton hamming clusters: 420. Among them 140 (33.3333%) are good
  0:00:00.164    16M / 3G    INFO   Hamming Subclustering    (kmer_cluster.cpp          : 652)     Total singleton subclusters: 0. Among them 0 (nan%) are good
  0:00:00.164    16M / 3G    INFO   Hamming Subclustering    (kmer_cluster.cpp          : 653)     Total non-singleton subcluster centers: 80. Among them 24 (30%) are good
  0:00:00.165    16M / 3G    INFO   Hamming Subclustering    (kmer_cluster.cpp          : 654)     Average size of non-trivial subcluster: 2.725 kmers
  0:00:00.165    16M / 3G    INFO   Hamming Subclustering    (kmer_cluster.cpp          : 655)     Average number of sub-clusters per non-singleton cluster: 1
  0:00:00.165    16M / 3G    INFO   Hamming Subclustering    (kmer_cluster.cpp          : 656)     Total solid k-mers: 164
  0:00:00.165    16M / 3G    INFO   Hamming Subclustering    (kmer_cluster.cpp          : 657)     Substitution probabilities: [4,4]((0.923611,0.00694444,0.0694444,0),(0.0289414,0.948972,0.00304646,0.0190404),(0.0130268,0.00306513,0.954789,0.0291188),(0,0.0147059,0.00735294,0.977941))
  0:00:00.165    16M / 3G    INFO    General                 (main.cpp                  : 178)   Finished clustering.
  0:00:00.165    16M / 3G    INFO    General                 (main.cpp                  : 197)   Starting solid k-mers expansion in 4 threads.
  0:00:00.165    16M / 3G    INFO    General                 (main.cpp                  : 218)   Solid k-mers iteration 0 produced 0 new k-mers.
  0:00:00.165    16M / 3G    INFO    General                 (main.cpp                  : 222)   Solid k-mers finalized
  0:00:00.165    16M / 3G    INFO    General                 (hammer_tools.cpp          : 220)   Starting read correction in 4 threads.
  0:00:00.165    16M / 3G    INFO    General                 (hammer_tools.cpp          : 264)   Correcting single reads: /Users/sara/Documents/SW/SPAdes-3.13.0-Darwin/bin/class_j_seqs_5x_MSv3.fq
  0:00:00.206    60M / 3G    INFO    General                 (hammer_tools.cpp          : 127)   Prepared batch 0 of 6 reads.
  0:00:00.207    60M / 3G    INFO    General                 (hammer_tools.cpp          : 132)   Processed batch 0
  0:00:00.208    60M / 3G    INFO    General                 (hammer_tools.cpp          : 136)   Written batch 0
  0:00:00.221    16M / 3G    INFO    General                 (hammer_tools.cpp          : 274)   Correction done. Changed 18 bases in 5 reads.
  0:00:00.221    16M / 3G    INFO    General                 (hammer_tools.cpp          : 275)   Failed to correct 0 bases out of 899.
  0:00:00.221    16M / 3G    INFO    General                 (main.cpp                  : 255)   Saving corrected dataset description to /Users/sara/Documents/SW/SPAdes-3.13.0-Darwin/bin/Out_class_j_seqs_5x_MSv3/corrected/corrected.yaml
  0:00:00.222    16M / 3G    INFO    General                 (main.cpp                  : 262)   All done. Exiting.

== Compressing corrected reads (with gzip)

== Dataset description file was created: /Users/sara/Documents/SW/SPAdes-3.13.0-Darwin/bin/Out_class_j_seqs_5x_MSv3/corrected/corrected.yaml


===== Read error correction finished. 


===== Assembling started.


== Running assembler: K59

  0:00:00.000     4M / 4M    INFO    General                 (main.cpp                  :  74)   Loaded config from /Users/sara/Documents/SW/SPAdes-3.13.0-Darwin/bin/Out_class_j_seqs_5x_MSv3/K59/configs/config.info
  0:00:00.000     4M / 4M    INFO    General                 (main.cpp                  :  74)   Loaded config from /Users/sara/Documents/SW/SPAdes-3.13.0-Darwin/bin/Out_class_j_seqs_5x_MSv3/K59/configs/careful_mode.info
  0:00:00.000     4M / 4M    INFO    General                 (memory_limit.cpp          :  49)   Memory limit set to 250 Gb
  0:00:00.000     4M / 4M    INFO    General                 (main.cpp                  :  87)   Starting SPAdes, built from N/A, git revision N/A
  0:00:00.000     4M / 4M    INFO    General                 (main.cpp                  :  88)   Maximum k-mer length: 128
  0:00:00.000     4M / 4M    INFO    General                 (main.cpp                  :  89)   Assembling dataset (/Users/sara/Documents/SW/SPAdes-3.13.0-Darwin/bin/Out_class_j_seqs_5x_MSv3/dataset.info) with K=59
  0:00:00.000     4M / 4M    INFO    General                 (main.cpp                  :  90)   Maximum # of threads to use (adjusted due to OMP capabilities): 4
  0:00:00.000     4M / 4M    INFO    General                 (launch.hpp                :  51)   SPAdes started
  0:00:00.000     4M / 4M    INFO    General                 (launch.hpp                :  58)   Starting from stage: construction
  0:00:00.000     4M / 4M    INFO    General                 (launch.hpp                :  65)   Two-step RR enabled: 0
  0:00:00.000     4M / 4M    INFO    General                 (launch.hpp                :  76)   Will need read mapping, kmer mapper will be attached
  0:00:00.000     4M / 4M    INFO   StageManager             (stage.cpp                 : 132)   STAGE == de Bruijn graph construction
  0:00:00.001     4M / 4M    INFO    General                 (read_converter.hpp        :  77)   Converting reads to binary format for library #0 (takes a while)
  0:00:00.001     4M / 4M    INFO    General                 (read_converter.hpp        :  78)   Converting paired reads
  0:00:00.101    68M / 84M   INFO    General                 (binary_converter.hpp      : 117)   0 reads written
  0:00:00.108     4M / 84M   INFO    General                 (read_converter.hpp        :  87)   Converting single reads
  0:00:00.300   132M / 164M  INFO    General                 (binary_converter.hpp      : 117)   6 reads written
  0:00:00.311     4M / 164M  INFO    General                 (read_converter.hpp        :  95)   Converting merged reads
  0:00:00.468   132M / 164M  INFO    General                 (binary_converter.hpp      : 117)   0 reads written
  0:00:00.480     4M / 164M  INFO    General                 (construction.cpp          : 111)   Max read length 150
  0:00:00.480     4M / 164M  INFO    General                 (construction.cpp          : 117)   Average read length 149.833
  0:00:00.480     4M / 164M  INFO    General                 (stage.cpp                 : 101)   PROCEDURE == k+1-mer counting
  0:00:00.480     4M / 164M  INFO    General                 (kmer_index_builder.hpp    : 117)   Splitting kmer instances into 16 files using 4 threads. This might take a while.
  0:00:00.480     4M / 164M  INFO    General                 (file_limit.hpp            :  32)   Open file limit set to 256
  0:00:00.480     4M / 164M  INFO    General                 (kmer_splitters.hpp        :  89)   Memory available for splitting buffers: 20.833 Gb
  0:00:00.480     4M / 164M  INFO    General                 (kmer_splitters.hpp        :  97)   Using cell size of 2097152
  0:00:00.491     2G / 2G    INFO    General                 (kmer_splitters.hpp        : 295)   Adding contigs from previous K
  0:00:00.491    16M / 2G    INFO    General                 (kmer_splitters.hpp        : 308)   Used 12 reads
  0:00:00.492    16M / 2G    INFO    General                 (kmer_index_builder.hpp    : 120)   Starting k-mer counting.
  0:00:00.502    16M / 2G    INFO    General                 (kmer_index_builder.hpp    : 127)   K-mer counting done. There are 185 kmers in total.
  0:00:00.502    16M / 2G    INFO    General                 (kmer_index_builder.hpp    : 133)   Merging temporary buckets.
  0:00:00.508    16M / 2G    INFO    General                 (stage.cpp                 : 101)   PROCEDURE == Extension index construction
  0:00:00.508    16M / 2G    INFO   K-mer Index Building     (kmer_index_builder.hpp    : 301)   Building kmer index
  0:00:00.508    16M / 2G    INFO    General                 (kmer_index_builder.hpp    : 117)   Splitting kmer instances into 64 files using 4 threads. This might take a while.
  0:00:00.509    16M / 2G    INFO    General                 (file_limit.hpp            :  32)   Open file limit set to 256
  0:00:00.509    16M / 2G    INFO    General                 (kmer_splitters.hpp        :  89)   Memory available for splitting buffers: 20.832 Gb
  0:00:00.509    16M / 2G    INFO    General                 (kmer_splitters.hpp        :  97)   Using cell size of 524288
  0:00:00.552     3G / 3G    INFO    General                 (kmer_splitters.hpp        : 385)   Used 185 kmers.
  0:00:00.554    16M / 3G    INFO    General                 (kmer_index_builder.hpp    : 120)   Starting k-mer counting.
  0:00:00.593    16M / 3G    INFO    General                 (kmer_index_builder.hpp    : 127)   K-mer counting done. There are 185 kmers in total.
  0:00:00.593    16M / 3G    INFO    General                 (kmer_index_builder.hpp    : 133)   Merging temporary buckets.
  0:00:00.617    16M / 3G    INFO   K-mer Index Building     (kmer_index_builder.hpp    : 314)   Building perfect hash indices
  0:00:00.637    16M / 3G    INFO    General                 (kmer_index_builder.hpp    : 150)   Merging final buckets.
  0:00:00.641    16M / 3G    INFO   K-mer Index Building     (kmer_index_builder.hpp    : 336)   Index built. Total 9600 bytes occupied (415.135 bits per kmer).
  0:00:00.641    16M / 3G    INFO   DeBruijnExtensionIndexBu (kmer_extension_index_build:  99)   Building k-mer extensions from k+1-mers
  0:00:00.641    16M / 3G    INFO   DeBruijnExtensionIndexBu (kmer_extension_index_build: 103)   Building k-mer extensions from k+1-mers finished.
  0:00:00.642    16M / 3G    INFO    General                 (stage.cpp                 : 101)   PROCEDURE == Condensing graph
  0:00:00.642    16M / 3G    INFO   UnbranchingPathExtractor (debruijn_graph_constructor: 355)   Extracting unbranching paths
  0:00:00.642    16M / 3G    INFO   UnbranchingPathExtractor (debruijn_graph_constructor: 374)   Extracting unbranching paths finished. 12 sequences extracted
  0:00:00.642    16M / 3G    INFO   UnbranchingPathExtractor (debruijn_graph_constructor: 310)   Collecting perfect loops
  0:00:00.642    16M / 3G    INFO   UnbranchingPathExtractor (debruijn_graph_constructor: 343)   Collecting perfect loops finished. 0 loops collected
  0:00:00.643    16M / 3G    INFO    General                 (stage.cpp                 : 101)   PROCEDURE == Filling coverage indices (PHM)
  0:00:00.643    16M / 3G    INFO   K-mer Index Building     (kmer_index_builder.hpp    : 301)   Building kmer index
  0:00:00.643    16M / 3G    INFO   K-mer Index Building     (kmer_index_builder.hpp    : 314)   Building perfect hash indices
  0:00:00.649    16M / 3G    INFO   K-mer Index Building     (kmer_index_builder.hpp    : 336)   Index built. Total 2432 bytes occupied (105.168 bits per kmer).
  0:00:00.649    16M / 3G    INFO    General                 (construction.cpp          : 388)   Collecting k-mer coverage information from reads, this takes a while.
  0:00:00.649    16M / 3G    INFO    General                 (construction.cpp          : 508)   Filling coverage and flanking coverage from PHM
  0:00:00.651    16M / 3G    INFO   StageManager             (stage.cpp                 : 132)   STAGE == EC Threshold Finding
  0:00:00.651    16M / 3G    INFO    General                 (kmer_coverage_model.cpp   : 181)   Kmer coverage valley at: 2
  0:00:00.651    16M / 3G    INFO    General                 (kmer_coverage_model.cpp   : 201)   K-mer histogram maximum: 5
  0:00:00.651    16M / 3G    INFO    General                 (kmer_coverage_model.cpp   : 237)   Estimated median coverage: 5. Coverage mad: 2.9652
  0:00:00.651    16M / 3G    INFO    General                 (kmer_coverage_model.cpp   : 259)   Fitting coverage model
  0:00:00.653    16M / 3G    INFO    General                 (kmer_coverage_model.cpp   : 295)   ... iteration 2
  0:00:00.656    16M / 3G    INFO    General                 (kmer_coverage_model.cpp   : 295)   ... iteration 4
  0:00:00.667    16M / 3G    INFO    General                 (kmer_coverage_model.cpp   : 295)   ... iteration 8
  0:00:00.690    16M / 3G    INFO    General                 (kmer_coverage_model.cpp   : 295)   ... iteration 16
  0:00:00.703    16M / 3G    INFO    General                 (kmer_coverage_model.cpp   : 309)   Fitted mean coverage: 4.83021. Fitted coverage std. dev: 0.883788
  0:00:00.703    16M / 3G    INFO    General                 (kmer_coverage_model.cpp   : 334)   Probability of erroneous kmer at valley: 0.680295
  0:00:00.703    16M / 3G    INFO    General                 (kmer_coverage_model.cpp   : 358)   Preliminary threshold calculated as: 6
  0:00:00.703    16M / 3G    INFO    General                 (kmer_coverage_model.cpp   : 362)   Threshold adjusted to: 3
  0:00:00.703    16M / 3G    INFO    General                 (kmer_coverage_model.cpp   : 375)   Estimated genome size (ignoring repeats): 82
  0:00:00.703    16M / 3G    INFO    General                 (genomic_info_filler.cpp   : 112)   Mean coverage was calculated as 4.83021
  0:00:00.703    16M / 3G    INFO    General                 (genomic_info_filler.cpp   : 127)   EC coverage threshold value was calculated as 3
  0:00:00.703    16M / 3G    INFO    General                 (genomic_info_filler.cpp   : 128)   Trusted kmer low bound: 0
  0:00:00.703    16M / 3G    INFO   StageManager             (stage.cpp                 : 132)   STAGE == Gap Closer
  0:00:00.703    16M / 3G    INFO    General                 (gap_closer.cpp            : 427)   No paired-end libraries exist, skipping gap closer
  0:00:00.703    16M / 3G    INFO   StageManager             (stage.cpp                 : 132)   STAGE == Raw Simplification
  0:00:00.703    16M / 3G    INFO    General                 (simplification.cpp        : 128)   PROCEDURE == InitialCleaning
  0:00:00.703    16M / 3G    INFO    General                 (graph_simplification.hpp  : 662)   Flanking coverage based disconnection disabled
  0:00:00.703    16M / 3G    INFO   Simplification           (parallel_processing.hpp   : 165)   Running Self conjugate edge remover
  0:00:00.703    16M / 3G    INFO   Simplification           (parallel_processing.hpp   : 167)   Self conjugate edge remover triggered 0 times
  0:00:00.703    16M / 3G    INFO   StageManager             (stage.cpp                 : 132)   STAGE == Simplification
  0:00:00.703    16M / 3G    INFO    General                 (simplification.cpp        : 357)   Graph simplification started
  0:00:00.703    16M / 3G    INFO    General                 (graph_simplification.hpp  : 634)   Creating parallel br instance
  0:00:00.703    16M / 3G    INFO    General                 (simplification.cpp        : 362)   PROCEDURE == Simplification cycle, iteration 1
  0:00:00.703    16M / 3G    INFO   Simplification           (parallel_processing.hpp   : 165)   Running Tip clipper
  0:00:00.704    16M / 3G    INFO   Simplification           (parallel_processing.hpp   : 167)   Tip clipper triggered 6 times
  0:00:00.704    16M / 3G    INFO   Simplification           (parallel_processing.hpp   : 165)   Running Bulge remover
  0:00:00.704    16M / 3G    INFO   Simplification           (parallel_processing.hpp   : 167)   Bulge remover triggered 0 times
  0:00:00.704    16M / 3G    INFO   Simplification           (parallel_processing.hpp   : 165)   Running Low coverage edge remover
  0:00:00.704    16M / 3G    INFO   Simplification           (parallel_processing.hpp   : 167)   Low coverage edge remover triggered 0 times
  0:00:00.704    16M / 3G    INFO    General                 (simplification.cpp        : 362)   PROCEDURE == Simplification cycle, iteration 2
  0:00:00.704    16M / 3G    INFO   Simplification           (parallel_processing.hpp   : 165)   Running Tip clipper
  0:00:00.704    16M / 3G    INFO   Simplification           (parallel_processing.hpp   : 167)   Tip clipper triggered 0 times
  0:00:00.704    16M / 3G    INFO   Simplification           (parallel_processing.hpp   : 165)   Running Bulge remover
  0:00:00.704    16M / 3G    INFO   Simplification           (parallel_processing.hpp   : 167)   Bulge remover triggered 0 times
  0:00:00.704    16M / 3G    INFO   Simplification           (parallel_processing.hpp   : 165)   Running Low coverage edge remover
  0:00:00.704    16M / 3G    INFO   Simplification           (parallel_processing.hpp   : 167)   Low coverage edge remover triggered 0 times
  0:00:00.704    16M / 3G    INFO    General                 (simplification.cpp        : 362)   PROCEDURE == Simplification cycle, iteration 3
  0:00:00.704    16M / 3G    INFO   Simplification           (parallel_processing.hpp   : 165)   Running Tip clipper
  0:00:00.704    16M / 3G    INFO   Simplification           (parallel_processing.hpp   : 167)   Tip clipper triggered 0 times
  0:00:00.704    16M / 3G    INFO   Simplification           (parallel_processing.hpp   : 165)   Running Bulge remover
  0:00:00.704    16M / 3G    INFO   Simplification           (parallel_processing.hpp   : 167)   Bulge remover triggered 0 times
  0:00:00.704    16M / 3G    INFO   Simplification           (parallel_processing.hpp   : 165)   Running Low coverage edge remover
  0:00:00.704    16M / 3G    INFO   Simplification           (parallel_processing.hpp   : 167)   Low coverage edge remover triggered 0 times
  0:00:00.704    16M / 3G    INFO    General                 (simplification.cpp        : 362)   PROCEDURE == Simplification cycle, iteration 4
  0:00:00.704    16M / 3G    INFO   Simplification           (parallel_processing.hpp   : 165)   Running Tip clipper
  0:00:00.706    16M / 3G    INFO   Simplification           (parallel_processing.hpp   : 167)   Tip clipper triggered 0 times
  0:00:00.706    16M / 3G    INFO   Simplification           (parallel_processing.hpp   : 165)   Running Bulge remover
  0:00:00.706    16M / 3G    INFO   Simplification           (parallel_processing.hpp   : 167)   Bulge remover triggered 0 times
  0:00:00.706    16M / 3G    INFO   Simplification           (parallel_processing.hpp   : 165)   Running Low coverage edge remover
  0:00:00.706    16M / 3G    INFO   Simplification           (parallel_processing.hpp   : 167)   Low coverage edge remover triggered 0 times
  0:00:00.706    16M / 3G    INFO    General                 (simplification.cpp        : 362)   PROCEDURE == Simplification cycle, iteration 5
  0:00:00.706    16M / 3G    INFO   Simplification           (parallel_processing.hpp   : 165)   Running Tip clipper
  0:00:00.706    16M / 3G    INFO   Simplification           (parallel_processing.hpp   : 167)   Tip clipper triggered 0 times
  0:00:00.706    16M / 3G    INFO   Simplification           (parallel_processing.hpp   : 165)   Running Bulge remover
  0:00:00.706    16M / 3G    INFO   Simplification           (parallel_processing.hpp   : 167)   Bulge remover triggered 0 times
  0:00:00.706    16M / 3G    INFO   Simplification           (parallel_processing.hpp   : 165)   Running Low coverage edge remover
  0:00:00.706    16M / 3G    INFO   Simplification           (parallel_processing.hpp   : 167)   Low coverage edge remover triggered 0 times
  0:00:00.706    16M / 3G    INFO    General                 (simplification.cpp        : 362)   PROCEDURE == Simplification cycle, iteration 6
  0:00:00.706    16M / 3G    INFO   Simplification           (parallel_processing.hpp   : 165)   Running Tip clipper
  0:00:00.706    16M / 3G    INFO   Simplification           (parallel_processing.hpp   : 167)   Tip clipper triggered 0 times
  0:00:00.706    16M / 3G    INFO   Simplification           (parallel_processing.hpp   : 165)   Running Bulge remover
  0:00:00.706    16M / 3G    INFO   Simplification           (parallel_processing.hpp   : 167)   Bulge remover triggered 0 times
  0:00:00.706    16M / 3G    INFO   Simplification           (parallel_processing.hpp   : 165)   Running Low coverage edge remover
  0:00:00.706    16M / 3G    INFO   Simplification           (parallel_processing.hpp   : 167)   Low coverage edge remover triggered 0 times
  0:00:00.706    16M / 3G    INFO    General                 (simplification.cpp        : 362)   PROCEDURE == Simplification cycle, iteration 7
  0:00:00.706    16M / 3G    INFO   Simplification           (parallel_processing.hpp   : 165)   Running Tip clipper
  0:00:00.706    16M / 3G    INFO   Simplification           (parallel_processing.hpp   : 167)   Tip clipper triggered 0 times
  0:00:00.706    16M / 3G    INFO   Simplification           (parallel_processing.hpp   : 165)   Running Bulge remover
  0:00:00.706    16M / 3G    INFO   Simplification           (parallel_processing.hpp   : 167)   Bulge remover triggered 0 times
  0:00:00.706    16M / 3G    INFO   Simplification           (parallel_processing.hpp   : 165)   Running Low coverage edge remover
  0:00:00.706    16M / 3G    INFO   Simplification           (parallel_processing.hpp   : 167)   Low coverage edge remover triggered 0 times
  0:00:00.706    16M / 3G    INFO    General                 (simplification.cpp        : 362)   PROCEDURE == Simplification cycle, iteration 8
  0:00:00.706    16M / 3G    INFO   Simplification           (parallel_processing.hpp   : 165)   Running Tip clipper
  0:00:00.706    16M / 3G    INFO   Simplification           (parallel_processing.hpp   : 167)   Tip clipper triggered 0 times
  0:00:00.706    16M / 3G    INFO   Simplification           (parallel_processing.hpp   : 165)   Running Bulge remover
  0:00:00.706    16M / 3G    INFO   Simplification           (parallel_processing.hpp   : 167)   Bulge remover triggered 0 times
  0:00:00.706    16M / 3G    INFO   Simplification           (parallel_processing.hpp   : 165)   Running Low coverage edge remover
  0:00:00.706    16M / 3G    INFO   Simplification           (parallel_processing.hpp   : 167)   Low coverage edge remover triggered 0 times
  0:00:00.706    16M / 3G    INFO    General                 (simplification.cpp        : 362)   PROCEDURE == Simplification cycle, iteration 9
  0:00:00.706    16M / 3G    INFO   Simplification           (parallel_processing.hpp   : 165)   Running Tip clipper
  0:00:00.706    16M / 3G    INFO   Simplification           (parallel_processing.hpp   : 167)   Tip clipper triggered 0 times
  0:00:00.706    16M / 3G    INFO   Simplification           (parallel_processing.hpp   : 165)   Running Bulge remover
  0:00:00.706    16M / 3G    INFO   Simplification           (parallel_processing.hpp   : 167)   Bulge remover triggered 0 times
  0:00:00.706    16M / 3G    INFO   Simplification           (parallel_processing.hpp   : 165)   Running Low coverage edge remover
  0:00:00.706    16M / 3G    INFO   Simplification           (parallel_processing.hpp   : 167)   Low coverage edge remover triggered 0 times
  0:00:00.706    16M / 3G    INFO    General                 (simplification.cpp        : 362)   PROCEDURE == Simplification cycle, iteration 10
  0:00:00.706    16M / 3G    INFO   Simplification           (parallel_processing.hpp   : 165)   Running Tip clipper
  0:00:00.706    16M / 3G    INFO   Simplification           (parallel_processing.hpp   : 167)   Tip clipper triggered 0 times
  0:00:00.706    16M / 3G    INFO   Simplification           (parallel_processing.hpp   : 165)   Running Bulge remover
  0:00:00.706    16M / 3G    INFO   Simplification           (parallel_processing.hpp   : 167)   Bulge remover triggered 0 times
  0:00:00.706    16M / 3G    INFO   Simplification           (parallel_processing.hpp   : 165)   Running Low coverage edge remover
  0:00:00.707    16M / 3G    INFO   Simplification           (parallel_processing.hpp   : 167)   Low coverage edge remover triggered 0 times
  0:00:00.707    16M / 3G    INFO    General                 (simplification.cpp        : 362)   PROCEDURE == Simplification cycle, iteration 11
  0:00:00.707    16M / 3G    INFO   Simplification           (parallel_processing.hpp   : 165)   Running Tip clipper
  0:00:00.707    16M / 3G    INFO   Simplification           (parallel_processing.hpp   : 167)   Tip clipper triggered 0 times
  0:00:00.707    16M / 3G    INFO   Simplification           (parallel_processing.hpp   : 165)   Running Bulge remover
  0:00:00.707    16M / 3G    INFO   Simplification           (parallel_processing.hpp   : 167)   Bulge remover triggered 0 times
  0:00:00.707    16M / 3G    INFO   Simplification           (parallel_processing.hpp   : 165)   Running Low coverage edge remover
  0:00:00.707    16M / 3G    INFO   Simplification           (parallel_processing.hpp   : 167)   Low coverage edge remover triggered 0 times
  0:00:00.707    16M / 3G    INFO   StageManager             (stage.cpp                 : 132)   STAGE == Gap Closer
  0:00:00.707    16M / 3G    INFO    General                 (gap_closer.cpp            : 427)   No paired-end libraries exist, skipping gap closer
  0:00:00.707    16M / 3G    INFO   StageManager             (stage.cpp                 : 132)   STAGE == Simplification Cleanup
  0:00:00.707    16M / 3G    INFO    General                 (simplification.cpp        : 196)   PROCEDURE == Post simplification
  0:00:00.707    16M / 3G    INFO    General                 (graph_simplification.hpp  : 453)   Disconnection of relatively low covered edges disabled
  0:00:00.707    16M / 3G    INFO    General                 (graph_simplification.hpp  : 489)   Complex tip clipping disabled
  0:00:00.707    16M / 3G    INFO    General                 (graph_simplification.hpp  : 634)   Creating parallel br instance
  0:00:00.707    16M / 3G    INFO   Simplification           (parallel_processing.hpp   : 165)   Running Tip clipper
  0:00:00.707    16M / 3G    INFO   Simplification           (parallel_processing.hpp   : 167)   Tip clipper triggered 0 times
  0:00:00.707    16M / 3G    INFO   Simplification           (parallel_processing.hpp   : 165)   Running Bulge remover
  0:00:00.707    16M / 3G    INFO   Simplification           (parallel_processing.hpp   : 167)   Bulge remover triggered 0 times
  0:00:00.707    16M / 3G    INFO   Simplification           (parallel_processing.hpp   : 165)   Running Tip clipper
  0:00:00.707    16M / 3G    INFO   Simplification           (parallel_processing.hpp   : 167)   Tip clipper triggered 0 times
  0:00:00.707    16M / 3G    INFO   Simplification           (parallel_processing.hpp   : 165)   Running Bulge remover
  0:00:00.707    16M / 3G    INFO   Simplification           (parallel_processing.hpp   : 167)   Bulge remover triggered 0 times
  0:00:00.707    16M / 3G    INFO    General                 (simplification.cpp        : 330)   Disrupting self-conjugate edges
  0:00:00.707    16M / 3G    INFO   Simplification           (parallel_processing.hpp   : 165)   Running Removing isolated edges
  0:00:00.707    16M / 3G    INFO   Simplification           (parallel_processing.hpp   : 167)   Removing isolated edges triggered 0 times
  0:00:00.707    16M / 3G    INFO    General                 (simplification.cpp        : 470)   Counting average coverage
  0:00:00.707    16M / 3G    INFO    General                 (simplification.cpp        : 476)   Average coverage = 7
  0:00:00.707    16M / 3G    INFO   StageManager             (stage.cpp                 : 132)   STAGE == Contig Output
  0:00:00.707    16M / 3G    INFO    General                 (contig_output_stage.cpp   :  40)   Writing GFA to /Users/sara/Documents/SW/SPAdes-3.13.0-Darwin/bin/Out_class_j_seqs_5x_MSv3//K59/assembly_graph_with_scaffolds.gfa
  0:00:00.708    16M / 3G    INFO    General                 (contig_output.hpp         :  22)   Outputting contigs to /Users/sara/Documents/SW/SPAdes-3.13.0-Darwin/bin/Out_class_j_seqs_5x_MSv3//K59/before_rr.fasta
  0:00:00.708    16M / 3G    INFO    General                 (contig_output_stage.cpp   :  51)   Outputting FastG graph to /Users/sara/Documents/SW/SPAdes-3.13.0-Darwin/bin/Out_class_j_seqs_5x_MSv3//K59/assembly_graph.fastg
  0:00:00.708    16M / 3G    INFO    General                 (contig_output.hpp         :  22)   Outputting contigs to /Users/sara/Documents/SW/SPAdes-3.13.0-Darwin/bin/Out_class_j_seqs_5x_MSv3//K59/simplified_contigs.fasta
  0:00:00.709    16M / 3G    INFO    General                 (contig_output.hpp         :  22)   Outputting contigs to /Users/sara/Documents/SW/SPAdes-3.13.0-Darwin/bin/Out_class_j_seqs_5x_MSv3//K59/final_contigs.fasta
  0:00:00.709    16M / 3G    INFO   StageManager             (stage.cpp                 : 132)   STAGE == Contig Output
  0:00:00.709    16M / 3G    INFO    General                 (contig_output_stage.cpp   :  40)   Writing GFA to /Users/sara/Documents/SW/SPAdes-3.13.0-Darwin/bin/Out_class_j_seqs_5x_MSv3//K59/assembly_graph_with_scaffolds.gfa
  0:00:00.709    16M / 3G    INFO    General                 (contig_output.hpp         :  22)   Outputting contigs to /Users/sara/Documents/SW/SPAdes-3.13.0-Darwin/bin/Out_class_j_seqs_5x_MSv3//K59/before_rr.fasta
  0:00:00.710    16M / 3G    INFO    General                 (contig_output_stage.cpp   :  51)   Outputting FastG graph to /Users/sara/Documents/SW/SPAdes-3.13.0-Darwin/bin/Out_class_j_seqs_5x_MSv3//K59/assembly_graph.fastg
  0:00:00.711    16M / 3G    INFO    General                 (contig_output.hpp         :  22)   Outputting contigs to /Users/sara/Documents/SW/SPAdes-3.13.0-Darwin/bin/Out_class_j_seqs_5x_MSv3//K59/simplified_contigs.fasta
  0:00:00.711    16M / 3G    INFO    General                 (contig_output.hpp         :  22)   Outputting contigs to /Users/sara/Documents/SW/SPAdes-3.13.0-Darwin/bin/Out_class_j_seqs_5x_MSv3//K59/final_contigs.fasta
  0:00:00.712    16M / 3G    INFO    General                 (launch.hpp                : 149)   SPAdes finished
  0:00:00.712    16M / 3G    INFO    General                 (main.cpp                  : 109)   Assembling time: 0 hours 0 minutes 0 seconds
Max read length detected as 150

== Running assembler: K61

  0:00:00.000     4M / 4M    INFO    General                 (main.cpp                  :  74)   Loaded config from /Users/sara/Documents/SW/SPAdes-3.13.0-Darwin/bin/Out_class_j_seqs_5x_MSv3/K61/configs/config.info
  0:00:00.000     4M / 4M    INFO    General                 (main.cpp                  :  74)   Loaded config from /Users/sara/Documents/SW/SPAdes-3.13.0-Darwin/bin/Out_class_j_seqs_5x_MSv3/K61/configs/careful_mode.info
  0:00:00.000     4M / 4M    INFO    General                 (memory_limit.cpp          :  49)   Memory limit set to 250 Gb
  0:00:00.000     4M / 4M    INFO    General                 (main.cpp                  :  87)   Starting SPAdes, built from N/A, git revision N/A
  0:00:00.000     4M / 4M    INFO    General                 (main.cpp                  :  88)   Maximum k-mer length: 128
  0:00:00.000     4M / 4M    INFO    General                 (main.cpp                  :  89)   Assembling dataset (/Users/sara/Documents/SW/SPAdes-3.13.0-Darwin/bin/Out_class_j_seqs_5x_MSv3/dataset.info) with K=61
  0:00:00.000     4M / 4M    INFO    General                 (main.cpp                  :  90)   Maximum # of threads to use (adjusted due to OMP capabilities): 4
  0:00:00.000     4M / 4M    INFO    General                 (launch.hpp                :  51)   SPAdes started
  0:00:00.000     4M / 4M    INFO    General                 (launch.hpp                :  58)   Starting from stage: construction
  0:00:00.000     4M / 4M    INFO    General                 (launch.hpp                :  65)   Two-step RR enabled: 0
  0:00:00.001     4M / 4M    INFO    General                 (launch.hpp                :  76)   Will need read mapping, kmer mapper will be attached
  0:00:00.001     4M / 4M    INFO   StageManager             (stage.cpp                 : 132)   STAGE == de Bruijn graph construction
  0:00:00.002     4M / 4M    INFO    General                 (read_converter.hpp        :  59)   Binary reads detected
  0:00:00.002     4M / 4M    INFO    General                 (construction.cpp          : 111)   Max read length 150
  0:00:00.002     4M / 4M    INFO    General                 (construction.cpp          : 117)   Average read length 149.833
  0:00:00.002     4M / 4M    INFO    General                 (stage.cpp                 : 101)   PROCEDURE == k+1-mer counting
  0:00:00.002     4M / 4M    INFO    General                 (kmer_index_builder.hpp    : 117)   Splitting kmer instances into 16 files using 4 threads. This might take a while.
  0:00:00.002     4M / 4M    INFO    General                 (file_limit.hpp            :  32)   Open file limit set to 256
  0:00:00.002     4M / 4M    INFO    General                 (kmer_splitters.hpp        :  89)   Memory available for splitting buffers: 20.833 Gb
  0:00:00.002     4M / 4M    INFO    General                 (kmer_splitters.hpp        :  97)   Using cell size of 2097152
  0:00:00.013     2G / 2G    INFO    General                 (kmer_splitters.hpp        : 295)   Adding contigs from previous K
  0:00:00.018    16M / 2G    INFO    General                 (kmer_splitters.hpp        : 308)   Used 12 reads
  0:00:00.018    16M / 2G    INFO    General                 (kmer_index_builder.hpp    : 120)   Starting k-mer counting.
  0:00:00.029    16M / 2G    INFO    General                 (kmer_index_builder.hpp    : 127)   K-mer counting done. There are 185 kmers in total.
  0:00:00.029    16M / 2G    INFO    General                 (kmer_index_builder.hpp    : 133)   Merging temporary buckets.
  0:00:00.036    16M / 2G    INFO    General                 (stage.cpp                 : 101)   PROCEDURE == Extension index construction
  0:00:00.036    16M / 2G    INFO   K-mer Index Building     (kmer_index_builder.hpp    : 301)   Building kmer index
  0:00:00.036    16M / 2G    INFO    General                 (kmer_index_builder.hpp    : 117)   Splitting kmer instances into 64 files using 4 threads. This might take a while.
  0:00:00.036    16M / 2G    INFO    General                 (file_limit.hpp            :  32)   Open file limit set to 256
  0:00:00.036    16M / 2G    INFO    General                 (kmer_splitters.hpp        :  89)   Memory available for splitting buffers: 20.832 Gb
  0:00:00.036    16M / 2G    INFO    General                 (kmer_splitters.hpp        :  97)   Using cell size of 524288
  0:00:00.079     3G / 3G    INFO    General                 (kmer_splitters.hpp        : 385)   Used 185 kmers.
  0:00:00.081    16M / 3G    INFO    General                 (kmer_index_builder.hpp    : 120)   Starting k-mer counting.
  0:00:00.130    16M / 3G    INFO    General                 (kmer_index_builder.hpp    : 127)   K-mer counting done. There are 185 kmers in total.
  0:00:00.130    16M / 3G    INFO    General                 (kmer_index_builder.hpp    : 133)   Merging temporary buckets.
  0:00:00.155    16M / 3G    INFO   K-mer Index Building     (kmer_index_builder.hpp    : 314)   Building perfect hash indices
  0:00:00.181    16M / 3G    INFO    General                 (kmer_index_builder.hpp    : 150)   Merging final buckets.
  0:00:00.187    16M / 3G    INFO   K-mer Index Building     (kmer_index_builder.hpp    : 336)   Index built. Total 9600 bytes occupied (415.135 bits per kmer).
  0:00:00.187    16M / 3G    INFO   DeBruijnExtensionIndexBu (kmer_extension_index_build:  99)   Building k-mer extensions from k+1-mers
  0:00:00.187    16M / 3G    INFO   DeBruijnExtensionIndexBu (kmer_extension_index_build: 103)   Building k-mer extensions from k+1-mers finished.
  0:00:00.188    16M / 3G    INFO    General                 (stage.cpp                 : 101)   PROCEDURE == Condensing graph
  0:00:00.188    16M / 3G    INFO   UnbranchingPathExtractor (debruijn_graph_constructor: 355)   Extracting unbranching paths
  0:00:00.188    16M / 3G    INFO   UnbranchingPathExtractor (debruijn_graph_constructor: 374)   Extracting unbranching paths finished. 11 sequences extracted
  0:00:00.188    16M / 3G    INFO   UnbranchingPathExtractor (debruijn_graph_constructor: 310)   Collecting perfect loops
  0:00:00.189    16M / 3G    INFO   UnbranchingPathExtractor (debruijn_graph_constructor: 343)   Collecting perfect loops finished. 0 loops collected
  0:00:00.189    16M / 3G    INFO    General                 (stage.cpp                 : 101)   PROCEDURE == Filling coverage indices (PHM)
  0:00:00.189    16M / 3G    INFO   K-mer Index Building     (kmer_index_builder.hpp    : 301)   Building kmer index
  0:00:00.189    16M / 3G    INFO   K-mer Index Building     (kmer_index_builder.hpp    : 314)   Building perfect hash indices
  0:00:00.195    16M / 3G    INFO   K-mer Index Building     (kmer_index_builder.hpp    : 336)   Index built. Total 2432 bytes occupied (105.168 bits per kmer).
  0:00:00.195    16M / 3G    INFO    General                 (construction.cpp          : 388)   Collecting k-mer coverage information from reads, this takes a while.
  0:00:00.195    16M / 3G    INFO    General                 (construction.cpp          : 508)   Filling coverage and flanking coverage from PHM
  0:00:00.198    16M / 3G    INFO   StageManager             (stage.cpp                 : 132)   STAGE == EC Threshold Finding
=== Stack Trace ===
0   spades-core                         0x000000010dfa4732 _ZN5boost4math6detail8zeta_impIeNS0_8policies6policyINS3_13promote_floatILb0EEENS3_14promote_doubleILb0EEENS3_14default_policyES9_S9_S9_S9_S9_S9_S9_S9_S9_S9_EEN4mpl_4int_ILi53EEEEET_SE_SE_RKT0_RKT1_ + 5218
Verification of expression 'cov_.size() > 10' failed in function 'void coverage_model::KMerCoverageModel::Fit()'. In file '/Users/asl/Temp/SPAdes-3.13.0/src/common/modules/coverage_model/kmer_coverage_model.cpp' on line 187. Message 'Invalid kmer coverage histogram, make sure that the coverage is indeed uniform'.
Verification of expression 'cov_.size() > 10' failed in function 'void coverage_model::KMerCoverageModel::Fit()'. In file '/Users/asl/Temp/SPAdes-3.13.0/src/common/modules/coverage_model/kmer_coverage_model.cpp' on line 187. Message 'Invalid kmer coverage histogram, make sure that the coverage is indeed uniform'.
Assertion failed: (cov_.size() > 10), function Fit, file /Users/asl/Temp/SPAdes-3.13.0/src/common/modules/coverage_model/kmer_coverage_model.cpp, line 187.


== Error ==  system call for: "['/Users/sara/Documents/SW/SPAdes-3.13.0-Darwin/bin/spades-core', '/Users/sara/Documents/SW/SPAdes-3.13.0-Darwin/bin/Out_class_j_seqs_5x_MSv3/K61/configs/config.info', '/Users/sara/Documents/SW/SPAdes-3.13.0-Darwin/bin/Out_class_j_seqs_5x_MSv3/K61/configs/careful_mode.info']" finished abnormally, err code: -6

In case you have troubles running SPAdes, you can write to spades.support@cab.spbu.ru
or report an issue on our GitHub repository github.com/ablab/spades
Please provide us with params.txt and spades.log files from the output directory.
