Command line: spades.py	-s	/Users/sara/Documents/SW/SPAdes-3.13.0-Darwin/bin/class_i_seqs_10x_MSv3.fq	-k	59,61,63	--careful	-o	/Users/sara/Documents/SW/SPAdes-3.13.0-Darwin/bin/Out_class_i_seqs_10x_MSv3	

System information:
  SPAdes version: 3.13.0
  Python version: 2.7.10
  OS: Darwin-17.4.0-x86_64-i386-64bit

Output dir: /Users/sara/Documents/SW/SPAdes-3.13.0-Darwin/bin/Out_class_i_seqs_10x_MSv3
Mode: read error correction and assembling
Debug mode is turned OFF

Dataset parameters:
  Multi-cell mode (you should set '--sc' flag if input data was obtained with MDA (single-cell) technology or --meta flag if processing metagenomic dataset)
  Reads:
    Library number: 1, library type: single
      left reads: not specified
      right reads: not specified
      interlaced reads: not specified
      single reads: ['/Users/sara/Documents/SW/SPAdes-3.13.0-Darwin/bin/class_i_seqs_10x_MSv3.fq']
      merged reads: not specified
Read error correction parameters:
  Iterations: 1
  PHRED offset will be auto-detected
  Corrected reads will be compressed
Assembly parameters:
  k: [59, 61, 63]
  Repeat resolution is enabled
  Mismatch careful mode is turned ON
  MismatchCorrector will be used
  Coverage cutoff is turned OFF
Other parameters:
  Dir for temp files: /Users/sara/Documents/SW/SPAdes-3.13.0-Darwin/bin/Out_class_i_seqs_10x_MSv3/tmp
  Threads: 16
  Memory limit (in Gb): 250


======= SPAdes pipeline started. Log can be found here: /Users/sara/Documents/SW/SPAdes-3.13.0-Darwin/bin/Out_class_i_seqs_10x_MSv3/spades.log


===== Read error correction started. 


== Running read error correction tool: /Users/sara/Documents/SW/SPAdes-3.13.0-Darwin/bin/spades-hammer /Users/sara/Documents/SW/SPAdes-3.13.0-Darwin/bin/Out_class_i_seqs_10x_MSv3/corrected/configs/config.info

  0:00:00.000     4M / 4M    INFO    General                 (main.cpp                  :  75)   Starting BayesHammer, built from N/A, git revision N/A
  0:00:00.001     4M / 4M    INFO    General                 (main.cpp                  :  76)   Loading config from /Users/sara/Documents/SW/SPAdes-3.13.0-Darwin/bin/Out_class_i_seqs_10x_MSv3/corrected/configs/config.info
  0:00:00.002     4M / 4M    INFO    General                 (main.cpp                  :  78)   Maximum # of threads to use (adjusted due to OMP capabilities): 4
  0:00:00.002     4M / 4M    INFO    General                 (memory_limit.cpp          :  49)   Memory limit set to 250 Gb
  0:00:00.002     4M / 4M    INFO    General                 (main.cpp                  :  86)   Trying to determine PHRED offset
  0:00:00.002     4M / 4M    INFO    General                 (main.cpp                  :  92)   Determined value is 64
  0:00:00.002     4M / 4M    INFO    General                 (hammer_tools.cpp          :  36)   Hamming graph threshold tau=1, k=21, subkmer positions = [ 0 10 ]
  0:00:00.002     4M / 4M    INFO    General                 (main.cpp                  : 113)   Size of aux. kmer data 24 bytes
     === ITERATION 0 begins ===
  0:00:00.003     4M / 4M    INFO   K-mer Index Building     (kmer_index_builder.hpp    : 301)   Building kmer index
  0:00:00.003     4M / 4M    INFO    General                 (kmer_index_builder.hpp    : 117)   Splitting kmer instances into 64 files using 4 threads. This might take a while.
  0:00:00.003     4M / 4M    INFO    General                 (file_limit.hpp            :  32)   Open file limit set to 256
  0:00:00.003     4M / 4M    INFO    General                 (kmer_splitters.hpp        :  89)   Memory available for splitting buffers: 20.833 Gb
  0:00:00.003     4M / 4M    INFO    General                 (kmer_splitters.hpp        :  97)   Using cell size of 1048576
  0:00:00.004     3G / 3G    INFO   K-mer Splitting          (kmer_data.cpp             :  97)   Processing /Users/sara/Documents/SW/SPAdes-3.13.0-Darwin/bin/class_i_seqs_10x_MSv3.fq
  0:00:00.051     3G / 3G    INFO   K-mer Splitting          (kmer_data.cpp             : 112)   Total 10 reads processed
  0:00:00.053    16M / 3G    INFO    General                 (kmer_index_builder.hpp    : 120)   Starting k-mer counting.
  0:00:00.096    16M / 3G    INFO    General                 (kmer_index_builder.hpp    : 127)   K-mer counting done. There are 982 kmers in total.
  0:00:00.096    16M / 3G    INFO    General                 (kmer_index_builder.hpp    : 133)   Merging temporary buckets.
  0:00:00.125    16M / 3G    INFO   K-mer Index Building     (kmer_index_builder.hpp    : 314)   Building perfect hash indices
  0:00:00.152    16M / 3G    INFO    General                 (kmer_index_builder.hpp    : 150)   Merging final buckets.
  0:00:00.157    16M / 3G    INFO   K-mer Index Building     (kmer_index_builder.hpp    : 336)   Index built. Total 9768 bytes occupied (79.5764 bits per kmer).
  0:00:00.157    16M / 3G    INFO   K-mer Counting           (kmer_data.cpp             : 356)   Arranging kmers in hash map order
  0:00:00.159    16M / 3G    INFO    General                 (main.cpp                  : 148)   Clustering Hamming graph.
  0:00:00.163    16M / 3G    INFO    General                 (main.cpp                  : 155)   Extracting clusters
  0:00:00.164    16M / 3G    INFO    General                 (main.cpp                  : 167)   Clustering done. Total clusters: 686
  0:00:00.164    16M / 3G    INFO   K-mer Counting           (kmer_data.cpp             : 376)   Collecting K-mer information, this takes a while.
  0:00:00.164    16M / 3G    INFO   K-mer Counting           (kmer_data.cpp             : 382)   Processing /Users/sara/Documents/SW/SPAdes-3.13.0-Darwin/bin/class_i_seqs_10x_MSv3.fq
  0:00:00.165    16M / 3G    INFO   K-mer Counting           (kmer_data.cpp             : 389)   Collection done, postprocessing.
  0:00:00.165    16M / 3G    INFO   K-mer Counting           (kmer_data.cpp             : 403)   There are 982 kmers in total. Among them 714 (72.7088%) are singletons.
  0:00:00.165    16M / 3G    INFO    General                 (main.cpp                  : 173)   Subclustering Hamming graph
  0:00:00.166    16M / 3G    INFO   Hamming Subclustering    (kmer_cluster.cpp          : 649)   Subclustering done. Total 0 non-read kmers were generated.
  0:00:00.166    16M / 3G    INFO   Hamming Subclustering    (kmer_cluster.cpp          : 650)   Subclustering statistics:
  0:00:00.166    16M / 3G    INFO   Hamming Subclustering    (kmer_cluster.cpp          : 651)     Total singleton hamming clusters: 522. Among them 106 (20.3065%) are good
  0:00:00.166    16M / 3G    INFO   Hamming Subclustering    (kmer_cluster.cpp          : 652)     Total singleton subclusters: 4. Among them 4 (100%) are good
  0:00:00.166    16M / 3G    INFO   Hamming Subclustering    (kmer_cluster.cpp          : 653)     Total non-singleton subcluster centers: 164. Among them 26 (15.8537%) are good
  0:00:00.166    16M / 3G    INFO   Hamming Subclustering    (kmer_cluster.cpp          : 654)     Average size of non-trivial subcluster: 2.80488 kmers
  0:00:00.166    16M / 3G    INFO   Hamming Subclustering    (kmer_cluster.cpp          : 655)     Average number of sub-clusters per non-singleton cluster: 1.02439
  0:00:00.166    16M / 3G    INFO   Hamming Subclustering    (kmer_cluster.cpp          : 656)     Total solid k-mers: 136
  0:00:00.167    16M / 3G    INFO   Hamming Subclustering    (kmer_cluster.cpp          : 657)     Substitution probabilities: [4,4]((0.912,0,0.0352,0.0528),(0.0225317,0.961901,0.00942237,0.00614502),(0.00614502,0.00942237,0.961901,0.0225317),(0.0528,0.0352,0,0.912))
  0:00:00.167    16M / 3G    INFO    General                 (main.cpp                  : 178)   Finished clustering.
  0:00:00.167    16M / 3G    INFO    General                 (main.cpp                  : 197)   Starting solid k-mers expansion in 4 threads.
  0:00:00.167    16M / 3G    INFO    General                 (main.cpp                  : 218)   Solid k-mers iteration 0 produced 0 new k-mers.
  0:00:00.167    16M / 3G    INFO    General                 (main.cpp                  : 222)   Solid k-mers finalized
  0:00:00.167    16M / 3G    INFO    General                 (hammer_tools.cpp          : 220)   Starting read correction in 4 threads.
  0:00:00.167    16M / 3G    INFO    General                 (hammer_tools.cpp          : 264)   Correcting single reads: /Users/sara/Documents/SW/SPAdes-3.13.0-Darwin/bin/class_i_seqs_10x_MSv3.fq
  0:00:00.209    60M / 3G    INFO    General                 (hammer_tools.cpp          : 127)   Prepared batch 0 of 10 reads.
  0:00:00.210    60M / 3G    INFO    General                 (hammer_tools.cpp          : 132)   Processed batch 0
  0:00:00.210    60M / 3G    INFO    General                 (hammer_tools.cpp          : 136)   Written batch 0
  0:00:00.223    16M / 3G    INFO    General                 (hammer_tools.cpp          : 274)   Correction done. Changed 38 bases in 10 reads.
  0:00:00.223    16M / 3G    INFO    General                 (hammer_tools.cpp          : 275)   Failed to correct 0 bases out of 1500.
  0:00:00.223    16M / 3G    INFO    General                 (main.cpp                  : 255)   Saving corrected dataset description to /Users/sara/Documents/SW/SPAdes-3.13.0-Darwin/bin/Out_class_i_seqs_10x_MSv3/corrected/corrected.yaml
  0:00:00.224    16M / 3G    INFO    General                 (main.cpp                  : 262)   All done. Exiting.

== Compressing corrected reads (with gzip)

== Dataset description file was created: /Users/sara/Documents/SW/SPAdes-3.13.0-Darwin/bin/Out_class_i_seqs_10x_MSv3/corrected/corrected.yaml


===== Read error correction finished. 


===== Assembling started.


== Running assembler: K59

  0:00:00.000     4M / 4M    INFO    General                 (main.cpp                  :  74)   Loaded config from /Users/sara/Documents/SW/SPAdes-3.13.0-Darwin/bin/Out_class_i_seqs_10x_MSv3/K59/configs/config.info
  0:00:00.000     4M / 4M    INFO    General                 (main.cpp                  :  74)   Loaded config from /Users/sara/Documents/SW/SPAdes-3.13.0-Darwin/bin/Out_class_i_seqs_10x_MSv3/K59/configs/careful_mode.info
  0:00:00.000     4M / 4M    INFO    General                 (memory_limit.cpp          :  49)   Memory limit set to 250 Gb
  0:00:00.000     4M / 4M    INFO    General                 (main.cpp                  :  87)   Starting SPAdes, built from N/A, git revision N/A
  0:00:00.000     4M / 4M    INFO    General                 (main.cpp                  :  88)   Maximum k-mer length: 128
  0:00:00.000     4M / 4M    INFO    General                 (main.cpp                  :  89)   Assembling dataset (/Users/sara/Documents/SW/SPAdes-3.13.0-Darwin/bin/Out_class_i_seqs_10x_MSv3/dataset.info) with K=59
  0:00:00.000     4M / 4M    INFO    General                 (main.cpp                  :  90)   Maximum # of threads to use (adjusted due to OMP capabilities): 4
  0:00:00.000     4M / 4M    INFO    General                 (launch.hpp                :  51)   SPAdes started
  0:00:00.000     4M / 4M    INFO    General                 (launch.hpp                :  58)   Starting from stage: construction
  0:00:00.000     4M / 4M    INFO    General                 (launch.hpp                :  65)   Two-step RR enabled: 0
  0:00:00.000     4M / 4M    INFO    General                 (launch.hpp                :  76)   Will need read mapping, kmer mapper will be attached
  0:00:00.000     4M / 4M    INFO   StageManager             (stage.cpp                 : 132)   STAGE == de Bruijn graph construction
  0:00:00.000     4M / 4M    INFO    General                 (read_converter.hpp        :  77)   Converting reads to binary format for library #0 (takes a while)
  0:00:00.000     4M / 4M    INFO    General                 (read_converter.hpp        :  78)   Converting paired reads
  0:00:00.086    68M / 84M   INFO    General                 (binary_converter.hpp      : 117)   0 reads written
  0:00:00.091     4M / 84M   INFO    General                 (read_converter.hpp        :  87)   Converting single reads
  0:00:00.250   132M / 164M  INFO    General                 (binary_converter.hpp      : 117)   10 reads written
  0:00:00.262     4M / 164M  INFO    General                 (read_converter.hpp        :  95)   Converting merged reads
  0:00:00.416   132M / 164M  INFO    General                 (binary_converter.hpp      : 117)   0 reads written
  0:00:00.429     4M / 164M  INFO    General                 (construction.cpp          : 111)   Max read length 150
  0:00:00.429     4M / 164M  INFO    General                 (construction.cpp          : 117)   Average read length 150
  0:00:00.429     4M / 164M  INFO    General                 (stage.cpp                 : 101)   PROCEDURE == k+1-mer counting
  0:00:00.429     4M / 164M  INFO    General                 (kmer_index_builder.hpp    : 117)   Splitting kmer instances into 16 files using 4 threads. This might take a while.
  0:00:00.429     4M / 164M  INFO    General                 (file_limit.hpp            :  32)   Open file limit set to 256
  0:00:00.429     4M / 164M  INFO    General                 (kmer_splitters.hpp        :  89)   Memory available for splitting buffers: 20.833 Gb
  0:00:00.429     4M / 164M  INFO    General                 (kmer_splitters.hpp        :  97)   Using cell size of 2097152
  0:00:00.439     2G / 2G    INFO    General                 (kmer_splitters.hpp        : 295)   Adding contigs from previous K
  0:00:00.440    16M / 2G    INFO    General                 (kmer_splitters.hpp        : 308)   Used 20 reads
  0:00:00.440    16M / 2G    INFO    General                 (kmer_index_builder.hpp    : 120)   Starting k-mer counting.
  0:00:00.451    16M / 2G    INFO    General                 (kmer_index_builder.hpp    : 127)   K-mer counting done. There are 164 kmers in total.
  0:00:00.451    16M / 2G    INFO    General                 (kmer_index_builder.hpp    : 133)   Merging temporary buckets.
  0:00:00.456    16M / 2G    INFO    General                 (stage.cpp                 : 101)   PROCEDURE == Extension index construction
  0:00:00.457    16M / 2G    INFO   K-mer Index Building     (kmer_index_builder.hpp    : 301)   Building kmer index
  0:00:00.457    16M / 2G    INFO    General                 (kmer_index_builder.hpp    : 117)   Splitting kmer instances into 64 files using 4 threads. This might take a while.
  0:00:00.457    16M / 2G    INFO    General                 (file_limit.hpp            :  32)   Open file limit set to 256
  0:00:00.457    16M / 2G    INFO    General                 (kmer_splitters.hpp        :  89)   Memory available for splitting buffers: 20.832 Gb
  0:00:00.457    16M / 2G    INFO    General                 (kmer_splitters.hpp        :  97)   Using cell size of 524288
  0:00:00.504     3G / 3G    INFO    General                 (kmer_splitters.hpp        : 385)   Used 164 kmers.
  0:00:00.505    16M / 3G    INFO    General                 (kmer_index_builder.hpp    : 120)   Starting k-mer counting.
  0:00:00.541    16M / 3G    INFO    General                 (kmer_index_builder.hpp    : 127)   K-mer counting done. There are 165 kmers in total.
  0:00:00.541    16M / 3G    INFO    General                 (kmer_index_builder.hpp    : 133)   Merging temporary buckets.
  0:00:00.565    16M / 3G    INFO   K-mer Index Building     (kmer_index_builder.hpp    : 314)   Building perfect hash indices
  0:00:00.585    16M / 3G    INFO    General                 (kmer_index_builder.hpp    : 150)   Merging final buckets.
  0:00:00.589    16M / 3G    INFO   K-mer Index Building     (kmer_index_builder.hpp    : 336)   Index built. Total 9600 bytes occupied (465.455 bits per kmer).
  0:00:00.589    16M / 3G    INFO   DeBruijnExtensionIndexBu (kmer_extension_index_build:  99)   Building k-mer extensions from k+1-mers
  0:00:00.590    16M / 3G    INFO   DeBruijnExtensionIndexBu (kmer_extension_index_build: 103)   Building k-mer extensions from k+1-mers finished.
  0:00:00.590    16M / 3G    INFO    General                 (stage.cpp                 : 101)   PROCEDURE == Condensing graph
  0:00:00.590    16M / 3G    INFO   UnbranchingPathExtractor (debruijn_graph_constructor: 355)   Extracting unbranching paths
  0:00:00.590    16M / 3G    INFO   UnbranchingPathExtractor (debruijn_graph_constructor: 374)   Extracting unbranching paths finished. 3 sequences extracted
  0:00:00.590    16M / 3G    INFO   UnbranchingPathExtractor (debruijn_graph_constructor: 310)   Collecting perfect loops
  0:00:00.590    16M / 3G    INFO   UnbranchingPathExtractor (debruijn_graph_constructor: 343)   Collecting perfect loops finished. 0 loops collected
  0:00:00.590    16M / 3G    INFO    General                 (stage.cpp                 : 101)   PROCEDURE == Filling coverage indices (PHM)
  0:00:00.590    16M / 3G    INFO   K-mer Index Building     (kmer_index_builder.hpp    : 301)   Building kmer index
  0:00:00.590    16M / 3G    INFO   K-mer Index Building     (kmer_index_builder.hpp    : 314)   Building perfect hash indices
  0:00:00.597    16M / 3G    INFO   K-mer Index Building     (kmer_index_builder.hpp    : 336)   Index built. Total 2424 bytes occupied (118.244 bits per kmer).
  0:00:00.597    16M / 3G    INFO    General                 (construction.cpp          : 388)   Collecting k-mer coverage information from reads, this takes a while.
  0:00:00.598    16M / 3G    INFO    General                 (construction.cpp          : 508)   Filling coverage and flanking coverage from PHM
  0:00:00.600    16M / 3G    INFO   StageManager             (stage.cpp                 : 132)   STAGE == EC Threshold Finding
=== Stack Trace ===
0   spades-core                         0x0000000106a48732 _ZN5boost4math6detail8zeta_impIeNS0_8policies6policyINS3_13promote_floatILb0EEENS3_14promote_doubleILb0EEENS3_14default_policyES9_S9_S9_S9_S9_S9_S9_S9_S9_S9_EEN4mpl_4int_ILi53EEEEET_SE_SE_RKT0_RKT1_ + 5218
Verification of expression 'cov_.size() > 10' failed in function 'void coverage_model::KMerCoverageModel::Fit()'. In file '/Users/asl/Temp/SPAdes-3.13.0/src/common/modules/coverage_model/kmer_coverage_model.cpp' on line 187. Message 'Invalid kmer coverage histogram, make sure that the coverage is indeed uniform'.
Verification of expression 'cov_.size() > 10' failed in function 'void coverage_model::KMerCoverageModel::Fit()'. In file '/Users/asl/Temp/SPAdes-3.13.0/src/common/modules/coverage_model/kmer_coverage_model.cpp' on line 187. Message 'Invalid kmer coverage histogram, make sure that the coverage is indeed uniform'.
Assertion failed: (cov_.size() > 10), function Fit, file /Users/asl/Temp/SPAdes-3.13.0/src/common/modules/coverage_model/kmer_coverage_model.cpp, line 187.


== Error ==  system call for: "['/Users/sara/Documents/SW/SPAdes-3.13.0-Darwin/bin/spades-core', '/Users/sara/Documents/SW/SPAdes-3.13.0-Darwin/bin/Out_class_i_seqs_10x_MSv3/K59/configs/config.info', '/Users/sara/Documents/SW/SPAdes-3.13.0-Darwin/bin/Out_class_i_seqs_10x_MSv3/K59/configs/careful_mode.info']" finished abnormally, err code: -6

In case you have troubles running SPAdes, you can write to spades.support@cab.spbu.ru
or report an issue on our GitHub repository github.com/ablab/spades
Please provide us with params.txt and spades.log files from the output directory.
